[2024-08-11T03:21:49.010+0000] {manager.py:470} INFO - Processing files using up to 2 processes at a time 
[2024-08-11T03:21:49.020+0000] {manager.py:471} INFO - Process each file at most once every 30 seconds
[2024-08-11T03:21:49.022+0000] {manager.py:472} INFO - Checking for new files in /opt/airflow/dags every 300 seconds
[2024-08-11T03:21:49.023+0000] {manager.py:737} INFO - Searching for files in /opt/airflow/dags
[2024-08-11T03:21:49.034+0000] {manager.py:740} INFO - There are 2 files in /opt/airflow/dags
[2024-08-11T03:21:59.290+0000] {manager.py:878} INFO - 
================================================================================
DAG File Processing Stats

File Path                              PID  Runtime      # DAGs    # Errors  Last Runtime    Last Run
-----------------------------------  -----  ---------  --------  ----------  --------------  ----------
/opt/airflow/dags/connection.py         38  0.10s             0           0
/opt/airflow/dags/googleBigQuery.py     37  0.12s             0           0
================================================================================
[2024-08-11T03:22:29.875+0000] {manager.py:878} INFO - 
================================================================================
DAG File Processing Stats

File Path                            PID    Runtime      # DAGs    # Errors  Last Runtime    Last Run
-----------------------------------  -----  ---------  --------  ----------  --------------  -------------------
/opt/airflow/dags/googleBigQuery.py                           1           0  1.55s           2024-08-11T03:22:00
/opt/airflow/dags/connection.py                               1           0  1.51s           2024-08-11T03:22:00
================================================================================
[2024-08-11T03:23:00.112+0000] {manager.py:878} INFO - 
================================================================================
DAG File Processing Stats

File Path                            PID    Runtime      # DAGs    # Errors  Last Runtime    Last Run
-----------------------------------  -----  ---------  --------  ----------  --------------  -------------------
/opt/airflow/dags/googleBigQuery.py                           1           0  0.35s           2024-08-11T03:22:31
/opt/airflow/dags/connection.py                               1           0  0.12s           2024-08-11T03:22:31
================================================================================
[2024-08-11T03:26:49.605+0000] {manager.py:470} INFO - Processing files using up to 2 processes at a time 
[2024-08-11T03:26:49.611+0000] {manager.py:471} INFO - Process each file at most once every 30 seconds
[2024-08-11T03:26:49.611+0000] {manager.py:472} INFO - Checking for new files in /opt/airflow/dags every 300 seconds
[2024-08-11T03:26:49.612+0000] {manager.py:737} INFO - Searching for files in /opt/airflow/dags
[2024-08-11T03:26:49.622+0000] {manager.py:740} INFO - There are 2 files in /opt/airflow/dags
[2024-08-11T03:26:55.397+0000] {manager.py:878} INFO - 
================================================================================
DAG File Processing Stats

File Path                              PID  Runtime      # DAGs    # Errors  Last Runtime    Last Run
-----------------------------------  -----  ---------  --------  ----------  --------------  ----------
/opt/airflow/dags/connection.py         33  0.04s             0           0
/opt/airflow/dags/googleBigQuery.py     32  0.06s             0           0
================================================================================
[2024-08-11T03:27:25.921+0000] {manager.py:878} INFO - 
================================================================================
DAG File Processing Stats

File Path                            PID    Runtime      # DAGs    # Errors  Last Runtime    Last Run
-----------------------------------  -----  ---------  --------  ----------  --------------  -------------------
/opt/airflow/dags/connection.py                               1           0  1.58s           2024-08-11T03:26:56
/opt/airflow/dags/googleBigQuery.py                           1           0  1.45s           2024-08-11T03:26:56
================================================================================
[2024-08-11T03:27:56.356+0000] {manager.py:878} INFO - 
================================================================================
DAG File Processing Stats

File Path                            PID    Runtime      # DAGs    # Errors  Last Runtime    Last Run
-----------------------------------  -----  ---------  --------  ----------  --------------  -------------------
/opt/airflow/dags/googleBigQuery.py                           1           0  0.70s           2024-08-11T03:27:27
/opt/airflow/dags/connection.py                               1           0  0.21s           2024-08-11T03:27:27
================================================================================
[2024-08-11T03:28:26.549+0000] {manager.py:878} INFO - 
================================================================================
DAG File Processing Stats

File Path                            PID    Runtime      # DAGs    # Errors  Last Runtime    Last Run
-----------------------------------  -----  ---------  --------  ----------  --------------  -------------------
/opt/airflow/dags/googleBigQuery.py                           1           0  0.55s           2024-08-11T03:27:58
/opt/airflow/dags/connection.py                               1           0  0.10s           2024-08-11T03:27:57
================================================================================
[2024-08-11T03:28:56.799+0000] {manager.py:878} INFO - 
================================================================================
DAG File Processing Stats

File Path                            PID    Runtime      # DAGs    # Errors  Last Runtime    Last Run
-----------------------------------  -----  ---------  --------  ----------  --------------  -------------------
/opt/airflow/dags/googleBigQuery.py                           1           0  0.32s           2024-08-11T03:28:29
/opt/airflow/dags/connection.py                               1           0  0.14s           2024-08-11T03:28:27
================================================================================
[2024-08-11T03:29:26.998+0000] {manager.py:878} INFO - 
================================================================================
DAG File Processing Stats

File Path                            PID    Runtime      # DAGs    # Errors  Last Runtime    Last Run
-----------------------------------  -----  ---------  --------  ----------  --------------  -------------------
/opt/airflow/dags/googleBigQuery.py                           1           0  0.93s           2024-08-11T03:29:00
/opt/airflow/dags/connection.py                               1           0  0.37s           2024-08-11T03:28:58
================================================================================
[2024-08-11T03:29:57.484+0000] {manager.py:878} INFO - 
================================================================================
DAG File Processing Stats

File Path                            PID    Runtime      # DAGs    # Errors  Last Runtime    Last Run
-----------------------------------  -----  ---------  --------  ----------  --------------  -------------------
/opt/airflow/dags/googleBigQuery.py                           1           0  0.62s           2024-08-11T03:29:31
/opt/airflow/dags/connection.py                               1           0  0.13s           2024-08-11T03:29:28
================================================================================
[2024-08-11T03:30:27.662+0000] {manager.py:878} INFO - 
================================================================================
DAG File Processing Stats

File Path                            PID    Runtime      # DAGs    # Errors  Last Runtime    Last Run
-----------------------------------  -----  ---------  --------  ----------  --------------  -------------------
/opt/airflow/dags/googleBigQuery.py                           1           0  0.35s           2024-08-11T03:30:02
/opt/airflow/dags/connection.py                               1           0  0.09s           2024-08-11T03:29:58
================================================================================
[2024-08-11T03:30:57.897+0000] {manager.py:878} INFO - 
================================================================================
DAG File Processing Stats

File Path                            PID    Runtime      # DAGs    # Errors  Last Runtime    Last Run
-----------------------------------  -----  ---------  --------  ----------  --------------  -------------------
/opt/airflow/dags/googleBigQuery.py                           1           0  0.39s           2024-08-11T03:30:34
/opt/airflow/dags/connection.py                               1           0  0.14s           2024-08-11T03:30:28
================================================================================
[2024-08-11T03:31:28.300+0000] {manager.py:878} INFO - 
================================================================================
DAG File Processing Stats

File Path                            PID    Runtime      # DAGs    # Errors  Last Runtime    Last Run
-----------------------------------  -----  ---------  --------  ----------  --------------  -------------------
/opt/airflow/dags/googleBigQuery.py                           1           0  0.34s           2024-08-11T03:31:04
/opt/airflow/dags/connection.py                               1           0  0.31s           2024-08-11T03:30:59
================================================================================
[2024-08-11T03:31:49.749+0000] {manager.py:737} INFO - Searching for files in /opt/airflow/dags
[2024-08-11T03:31:49.757+0000] {manager.py:740} INFO - There are 2 files in /opt/airflow/dags
[2024-08-11T03:31:58.549+0000] {manager.py:878} INFO - 
================================================================================
DAG File Processing Stats

File Path                            PID    Runtime      # DAGs    # Errors  Last Runtime    Last Run
-----------------------------------  -----  ---------  --------  ----------  --------------  -------------------
/opt/airflow/dags/googleBigQuery.py                           1           0  0.36s           2024-08-11T03:31:35
/opt/airflow/dags/connection.py                               1           0  0.14s           2024-08-11T03:31:29
================================================================================
[2024-08-11T03:32:24.722+0000] {manager.py:452} INFO - Exiting gracefully upon receiving signal 15
[2024-08-11T03:35:26.780+0000] {manager.py:470} INFO - Processing files using up to 2 processes at a time 
[2024-08-11T03:35:26.780+0000] {manager.py:471} INFO - Process each file at most once every 30 seconds
[2024-08-11T03:35:26.783+0000] {manager.py:472} INFO - Checking for new files in /opt/airflow/dags every 300 seconds
[2024-08-11T03:35:26.784+0000] {manager.py:737} INFO - Searching for files in /opt/airflow/dags
[2024-08-11T03:35:26.787+0000] {manager.py:740} INFO - There are 2 files in /opt/airflow/dags
[2024-08-11T03:35:33.106+0000] {manager.py:878} INFO - 
================================================================================
DAG File Processing Stats

File Path                              PID  Runtime      # DAGs    # Errors  Last Runtime    Last Run
-----------------------------------  -----  ---------  --------  ----------  --------------  ----------
/opt/airflow/dags/connection.py         32  0.05s             0           0
/opt/airflow/dags/googleBigQuery.py     31  0.06s             0           0
================================================================================
[2024-08-11T03:36:03.247+0000] {manager.py:878} INFO - 
================================================================================
DAG File Processing Stats

File Path                            PID    Runtime      # DAGs    # Errors  Last Runtime    Last Run
-----------------------------------  -----  ---------  --------  ----------  --------------  -------------------
/opt/airflow/dags/googleBigQuery.py                           1           0  1.75s           2024-08-11T03:35:34
/opt/airflow/dags/connection.py                               1           0  1.74s           2024-08-11T03:35:34
================================================================================
[2024-08-11T03:36:33.275+0000] {manager.py:878} INFO - 
================================================================================
DAG File Processing Stats

File Path                            PID    Runtime      # DAGs    # Errors  Last Runtime    Last Run
-----------------------------------  -----  ---------  --------  ----------  --------------  -------------------
/opt/airflow/dags/googleBigQuery.py                           1           0  0.48s           2024-08-11T03:36:05
/opt/airflow/dags/connection.py                               1           0  0.20s           2024-08-11T03:36:05
================================================================================
[2024-08-11T03:37:03.514+0000] {manager.py:878} INFO - 
================================================================================
DAG File Processing Stats

File Path                            PID    Runtime      # DAGs    # Errors  Last Runtime    Last Run
-----------------------------------  -----  ---------  --------  ----------  --------------  -------------------
/opt/airflow/dags/googleBigQuery.py                           1           0  0.42s           2024-08-11T03:36:36
/opt/airflow/dags/connection.py                               1           0  0.14s           2024-08-11T03:36:35
================================================================================
[2024-08-11T03:37:23.700+0000] {manager.py:452} INFO - Exiting gracefully upon receiving signal 15
