[2024-08-11T03:36:34.411+0000] {local_task_job_runner.py:120} INFO - ::group::Pre task execution logs
[2024-08-11T03:36:34.442+0000] {taskinstance.py:2076} INFO - Dependencies all met for dep_context=non-requeueable deps ti=<TaskInstance: AddGCPConnection.add_gcp_connection_python manual__2024-08-11T03:36:33.542695+00:00 [queued]>
[2024-08-11T03:36:34.449+0000] {taskinstance.py:2076} INFO - Dependencies all met for dep_context=requeueable deps ti=<TaskInstance: AddGCPConnection.add_gcp_connection_python manual__2024-08-11T03:36:33.542695+00:00 [queued]>
[2024-08-11T03:36:34.449+0000] {taskinstance.py:2306} INFO - Starting attempt 1 of 4
[2024-08-11T03:36:34.467+0000] {taskinstance.py:2330} INFO - Executing <Task(PythonOperator): add_gcp_connection_python> on 2024-08-11 03:36:33.542695+00:00
[2024-08-11T03:36:34.474+0000] {warnings.py:112} WARNING - /home/***/.local/lib/python3.12/site-packages/***/task/task_runner/standard_task_runner.py:62: DeprecationWarning: This process (pid=71) is multi-threaded, use of fork() may lead to deadlocks in the child.
  pid = os.fork()

[2024-08-11T03:36:34.476+0000] {standard_task_runner.py:64} INFO - Started process 72 to run task
[2024-08-11T03:36:34.476+0000] {standard_task_runner.py:90} INFO - Running: ['***', 'tasks', 'run', 'AddGCPConnection', 'add_gcp_connection_python', 'manual__2024-08-11T03:36:33.542695+00:00', '--job-id', '12', '--raw', '--subdir', 'DAGS_FOLDER/connection.py', '--cfg-path', '/tmp/tmpkwxn86_4']
[2024-08-11T03:36:34.477+0000] {standard_task_runner.py:91} INFO - Job 12: Subtask add_gcp_connection_python
[2024-08-11T03:36:34.515+0000] {task_command.py:426} INFO - Running <TaskInstance: AddGCPConnection.add_gcp_connection_python manual__2024-08-11T03:36:33.542695+00:00 [running]> on host 398299d1f2b6
[2024-08-11T03:36:34.611+0000] {taskinstance.py:2648} INFO - Exporting env vars: AIRFLOW_CTX_DAG_EMAIL='***@***.com' AIRFLOW_CTX_DAG_OWNER='***' AIRFLOW_CTX_DAG_ID='AddGCPConnection' AIRFLOW_CTX_TASK_ID='add_gcp_connection_python' AIRFLOW_CTX_EXECUTION_DATE='2024-08-11T03:36:33.542695+00:00' AIRFLOW_CTX_TRY_NUMBER='1' AIRFLOW_CTX_DAG_RUN_ID='manual__2024-08-11T03:36:33.542695+00:00'
[2024-08-11T03:36:34.611+0000] {taskinstance.py:430} INFO - ::endgroup::
[2024-08-11T03:36:34.629+0000] {logging_mixin.py:188} INFO - {
  "type": "service_account",
  "project_id": "bigdata-2000",
  "private_key_id": "162a115a4fff48627ccad0002498007694c30753",
  "private_key": "-----BEGIN PRIVATE KEY-----\nMIIEvwIBADANBgkqhkiG9w0BAQEFAASCBKkwggSlAgEAAoIBAQDrwQFx9WenAoA9\n3IsuKAaDWUe/2UI4scbDDpJM1zDtyU1NqkNZQtzrRVSO0jsiI0ojV4NIoUliKpum\nhlHYrFmdnS9qg0sNZSB3Oju/Ac2PYUQNA6llCv4TfgJrz/CsLWnQNK7vAQS1hN/V\nQak5bxIzLxrcaAlw8Qsdh3FCXzMvA9RDlIxHbZr1FFRQIpIIVbXArRtO4jC6c8p/\n8xbmvUPysViLIML03LYkdIEEwur+uXTwSk3fJFBCioaQ/MhMTacQvfI+8E8qezmZ\nh/VXJ5MoXbv2SVeylEYIRSIf5F3+7Gvr90YRyeRVSIBN3NkPKQ6B3NH/apPFR/Hl\ncGvCjqFfAgMBAAECggEAQdpzb2Q39HBf5yfMXvPCQf1169Khy1lpZoIS/tDbc4iY\nBdpKHsxtDnEa2hxCdVo7Mt0WqHqZF4lEWkNJ6IbYL41BOfT7yX2WkIddOhEkXOk0\nC5iawEVOTJ6VyYzXsxiqZoTY2p1DtfqsVZMWVJtAj7iYPbn37Sr/yltTmVEjaH2V\nkv7qd4cHk3G9DAJJuMvPSgc2uzfeiIw8dka3Ft9Q/5kRpnBzVjLhK/zqKSRUfH5e\nJgNHz5i2qOiVzmQD3+CMr40JLwsyeaY370uIBCJQryiDoHAy4Hz3otCVAt0t1heQ\nLNU0GFrZIEEm97I6mgV3l7HuAYwz6dD2G014DzYk3QKBgQD4mjKrg4JQKAtUtNRL\nxb6/F7hu285bEX9f/zcFllTPoxxltzr9Ju9/VsmpLfyAfk2ZVieKAWFQ3/f6sxjK\nHrvii7wdQ/kJYzIF4Q/wU7A6YxvSpJwtbAI+0YqBRnTZelMgtSi9DGpsQV+ZqX3u\nivxe2euKQXanPLiKacrGrYqjvQKBgQDyxO5gdkIo9bJPpfFnHVXqTqrXRtu73hHR\nRZmyU2p6EtHopa290wqxwq5/dWkupSjbpU2YCOjJOtqqlxWnWipwL+A1/Kje1GLn\nVQyf0n8Il9IBsapvD5SCNP+56N1KQaMn5hBzSClrtuI02azog1k5U8djVwbjDxbJ\nET940BldSwKBgQDba54Va/l0riNyHDjUuDBnkZQjpLY6AvOd0zDJKaqpqZnC3Tqf\nfeIdToinXgNjlhb/o986G4W9UDEbgT/8BaxnhFYArqH7+yWHsuHSiMsefaNtBAUk\nwhQpReEtwPYZjbIZSEwwr+iuq/SpN8QC64FcZpNSb/0+FoX7BO0I9ttLMQKBgQCS\ncyhWOqDYsrcZg0KocLL2gPRgn5dIssNO2kzInbea4qWMUf4IiDpoV8gKjdqgz/Ng\n5Ux0zdMYKY/l3vSqGyOEv+zixINewQLVCKJv+3y0w1llujbVfrGZBr3J+ecct5Hk\nLM55rOuH1jCJr1K2hR4bDiY3EDXQXbbiHqyKhgb3FwKBgQDv7VIZWMXcZfYlEuWD\nCRhM6Opgv0Ht8zRWO5nuoZh8kWA/n4OQ0THyWrA8E3I8onHiF7yLK7Lg58vqEdo+\nVRaDMhvBpW/r75IwyFSbD8hxQj92gI+mEaTT5S9fbE2XJc/J2KVqXlKAcN4G9FTN\nT/qzagiHSZx2rUExs1kSbDxR9A==\n-----END PRIVATE KEY-----\n",
  "client_email": "big-query@bigdata-2000.iam.gserviceaccount.com",
  "client_id": "110035717716706391113",
  "auth_uri": "https://accounts.google.com/o/oauth2/auth",
  "token_uri": "https://oauth2.googleapis.com/token",
  "auth_provider_x509_cert_url": "https://www.googleapis.com/oauth2/v1/certs",
  "client_x509_cert_url": "https://www.googleapis.com/robot/v1/metadata/x509/big-query%40bigdata-2000.iam.gserviceaccount.com",
  "universe_domain": "googleapis.com"
}
[2024-08-11T03:36:34.629+0000] {logging_mixin.py:188} INFO - bigdata-2000
[2024-08-11T03:36:34.642+0000] {crypto.py:82} WARNING - empty cryptography key - values will not be stored encrypted.
[2024-08-11T03:36:34.646+0000] {python.py:237} INFO - Done. Returned value was: None
[2024-08-11T03:36:34.647+0000] {taskinstance.py:441} INFO - ::group::Post task execution logs
[2024-08-11T03:36:34.654+0000] {taskinstance.py:1206} INFO - Marking task as SUCCESS. dag_id=AddGCPConnection, task_id=add_gcp_connection_python, run_id=manual__2024-08-11T03:36:33.542695+00:00, execution_date=20240811T033633, start_date=20240811T033634, end_date=20240811T033634
[2024-08-11T03:36:34.691+0000] {local_task_job_runner.py:243} INFO - Task exited with return code 0
[2024-08-11T03:36:34.712+0000] {taskinstance.py:3503} INFO - 1 downstream tasks scheduled from follow-on schedule check
[2024-08-11T03:36:34.720+0000] {local_task_job_runner.py:222} INFO - ::endgroup::
