[2024-08-11T03:27:32.922+0000] {local_task_job_runner.py:120} INFO - ::group::Pre task execution logs
[2024-08-11T03:27:32.943+0000] {taskinstance.py:2076} INFO - Dependencies all met for dep_context=non-requeueable deps ti=<TaskInstance: AddGCPConnection.set_google_credentials scheduled__2020-05-09T00:00:00+00:00 [queued]>
[2024-08-11T03:27:32.950+0000] {taskinstance.py:2076} INFO - Dependencies all met for dep_context=requeueable deps ti=<TaskInstance: AddGCPConnection.set_google_credentials scheduled__2020-05-09T00:00:00+00:00 [queued]>
[2024-08-11T03:27:32.950+0000] {taskinstance.py:2306} INFO - Starting attempt 1 of 4
[2024-08-11T03:27:32.969+0000] {taskinstance.py:2330} INFO - Executing <Task(BashOperator): set_google_credentials> on 2020-05-09 00:00:00+00:00
[2024-08-11T03:27:32.976+0000] {warnings.py:112} WARNING - /home/***/.local/lib/python3.12/site-packages/***/task/task_runner/standard_task_runner.py:62: DeprecationWarning: This process (pid=58) is multi-threaded, use of fork() may lead to deadlocks in the child.
  pid = os.fork()

[2024-08-11T03:27:32.977+0000] {standard_task_runner.py:64} INFO - Started process 59 to run task
[2024-08-11T03:27:32.978+0000] {standard_task_runner.py:90} INFO - Running: ['***', 'tasks', 'run', 'AddGCPConnection', 'set_google_credentials', 'scheduled__2020-05-09T00:00:00+00:00', '--job-id', '4', '--raw', '--subdir', 'DAGS_FOLDER/connection.py', '--cfg-path', '/tmp/tmppdcw8b96']
[2024-08-11T03:27:32.979+0000] {standard_task_runner.py:91} INFO - Job 4: Subtask set_google_credentials
[2024-08-11T03:27:33.019+0000] {task_command.py:426} INFO - Running <TaskInstance: AddGCPConnection.set_google_credentials scheduled__2020-05-09T00:00:00+00:00 [running]> on host b6e1331e9d6b
[2024-08-11T03:27:33.138+0000] {taskinstance.py:2648} INFO - Exporting env vars: AIRFLOW_CTX_DAG_EMAIL='***@***.com' AIRFLOW_CTX_DAG_OWNER='***' AIRFLOW_CTX_DAG_ID='AddGCPConnection' AIRFLOW_CTX_TASK_ID='set_google_credentials' AIRFLOW_CTX_EXECUTION_DATE='2020-05-09T00:00:00+00:00' AIRFLOW_CTX_TRY_NUMBER='1' AIRFLOW_CTX_DAG_RUN_ID='scheduled__2020-05-09T00:00:00+00:00'
[2024-08-11T03:27:33.139+0000] {taskinstance.py:430} INFO - ::endgroup::
[2024-08-11T03:27:33.152+0000] {subprocess.py:63} INFO - Tmp dir root location: /tmp
[2024-08-11T03:27:33.152+0000] {subprocess.py:75} INFO - Running command: ['/usr/bin/bash', '-c', "export GOOGLE_APPLICATION_CREDENTIALS=./key.json && echo 'Credentials set'"]
[2024-08-11T03:27:33.172+0000] {subprocess.py:86} INFO - Output:
[2024-08-11T03:27:33.211+0000] {subprocess.py:93} INFO - Credentials set
[2024-08-11T03:27:33.212+0000] {subprocess.py:97} INFO - Command exited with return code 0
[2024-08-11T03:27:33.212+0000] {taskinstance.py:441} INFO - ::group::Post task execution logs
[2024-08-11T03:27:33.246+0000] {taskinstance.py:1206} INFO - Marking task as SUCCESS. dag_id=AddGCPConnection, task_id=set_google_credentials, run_id=scheduled__2020-05-09T00:00:00+00:00, execution_date=20200509T000000, start_date=20240811T032732, end_date=20240811T032733
[2024-08-11T03:27:33.273+0000] {local_task_job_runner.py:243} INFO - Task exited with return code 0
[2024-08-11T03:27:33.307+0000] {taskinstance.py:3503} INFO - 0 downstream tasks scheduled from follow-on schedule check
[2024-08-11T03:27:33.318+0000] {local_task_job_runner.py:222} INFO - ::endgroup::
