[2024-08-11T03:21:59.288+0000] {processor.py:161} INFO - Started process (PID=38) to work on /opt/airflow/dags/connection.py
[2024-08-11T03:21:59.288+0000] {processor.py:830} INFO - Processing file /opt/airflow/dags/connection.py for tasks to queue
[2024-08-11T03:21:59.290+0000] {logging_mixin.py:188} INFO - [2024-08-11T03:21:59.289+0000] {dagbag.py:545} INFO - Filling up the DagBag from /opt/airflow/dags/connection.py
[2024-08-11T03:21:59.367+0000] {processor.py:840} INFO - DAG(s) 'AddGCPConnection' retrieved from /opt/airflow/dags/connection.py
[2024-08-11T03:22:00.079+0000] {logging_mixin.py:188} INFO - [2024-08-11T03:22:00.078+0000] {override.py:1858} INFO - Created Permission View: can delete on DAG:AddGCPConnection
[2024-08-11T03:22:00.106+0000] {logging_mixin.py:188} INFO - [2024-08-11T03:22:00.106+0000] {override.py:1858} INFO - Created Permission View: can read on DAG:AddGCPConnection
[2024-08-11T03:22:00.123+0000] {logging_mixin.py:188} INFO - [2024-08-11T03:22:00.123+0000] {override.py:1858} INFO - Created Permission View: can edit on DAG:AddGCPConnection
[2024-08-11T03:22:00.123+0000] {logging_mixin.py:188} INFO - [2024-08-11T03:22:00.123+0000] {dag.py:3089} INFO - Sync 1 DAGs
[2024-08-11T03:22:00.597+0000] {logging_mixin.py:188} INFO - [2024-08-11T03:22:00.597+0000] {dag.py:3111} INFO - Creating ORM DAG for AddGCPConnection
[2024-08-11T03:22:00.611+0000] {logging_mixin.py:188} INFO - [2024-08-11T03:22:00.611+0000] {dag.py:3947} INFO - Setting next_dagrun for AddGCPConnection to 2020-05-09 00:00:00+00:00, run_after=2020-05-09 00:00:00+00:00
[2024-08-11T03:22:00.644+0000] {processor.py:183} INFO - Processing /opt/airflow/dags/connection.py took 1.387 seconds
[2024-08-11T03:22:30.908+0000] {processor.py:161} INFO - Started process (PID=46) to work on /opt/airflow/dags/connection.py
[2024-08-11T03:22:30.909+0000] {processor.py:830} INFO - Processing file /opt/airflow/dags/connection.py for tasks to queue
[2024-08-11T03:22:30.910+0000] {logging_mixin.py:188} INFO - [2024-08-11T03:22:30.910+0000] {dagbag.py:545} INFO - Filling up the DagBag from /opt/airflow/dags/connection.py
[2024-08-11T03:22:30.922+0000] {processor.py:840} INFO - DAG(s) 'AddGCPConnection' retrieved from /opt/airflow/dags/connection.py
[2024-08-11T03:22:30.947+0000] {logging_mixin.py:188} INFO - [2024-08-11T03:22:30.947+0000] {dag.py:3089} INFO - Sync 1 DAGs
[2024-08-11T03:22:30.969+0000] {logging_mixin.py:188} INFO - [2024-08-11T03:22:30.969+0000] {dag.py:3947} INFO - Setting next_dagrun for AddGCPConnection to 2020-05-09 00:00:00+00:00, run_after=2020-05-09 00:00:00+00:00
[2024-08-11T03:22:30.992+0000] {processor.py:183} INFO - Processing /opt/airflow/dags/connection.py took 0.089 seconds
[2024-08-11T03:23:01.136+0000] {processor.py:161} INFO - Started process (PID=52) to work on /opt/airflow/dags/connection.py
[2024-08-11T03:23:01.138+0000] {processor.py:830} INFO - Processing file /opt/airflow/dags/connection.py for tasks to queue
[2024-08-11T03:23:01.140+0000] {logging_mixin.py:188} INFO - [2024-08-11T03:23:01.140+0000] {dagbag.py:545} INFO - Filling up the DagBag from /opt/airflow/dags/connection.py
[2024-08-11T03:23:01.154+0000] {processor.py:840} INFO - DAG(s) 'AddGCPConnection' retrieved from /opt/airflow/dags/connection.py
[2024-08-11T03:23:01.176+0000] {logging_mixin.py:188} INFO - [2024-08-11T03:23:01.176+0000] {dag.py:3089} INFO - Sync 1 DAGs
[2024-08-11T03:23:01.197+0000] {logging_mixin.py:188} INFO - [2024-08-11T03:23:01.197+0000] {dag.py:3947} INFO - Setting next_dagrun for AddGCPConnection to 2020-05-09 00:00:00+00:00, run_after=2020-05-09 00:00:00+00:00
[2024-08-11T03:23:01.218+0000] {processor.py:183} INFO - Processing /opt/airflow/dags/connection.py took 0.089 seconds
[2024-08-11T03:26:55.412+0000] {processor.py:161} INFO - Started process (PID=33) to work on /opt/airflow/dags/connection.py
[2024-08-11T03:26:55.419+0000] {processor.py:830} INFO - Processing file /opt/airflow/dags/connection.py for tasks to queue
[2024-08-11T03:26:55.420+0000] {logging_mixin.py:188} INFO - [2024-08-11T03:26:55.420+0000] {dagbag.py:545} INFO - Filling up the DagBag from /opt/airflow/dags/connection.py
[2024-08-11T03:26:55.470+0000] {processor.py:840} INFO - DAG(s) 'AddGCPConnection' retrieved from /opt/airflow/dags/connection.py
[2024-08-11T03:26:56.133+0000] {logging_mixin.py:188} INFO - [2024-08-11T03:26:56.132+0000] {override.py:1858} INFO - Created Permission View: can read on DAG:AddGCPConnection
[2024-08-11T03:26:56.152+0000] {logging_mixin.py:188} INFO - [2024-08-11T03:26:56.152+0000] {override.py:1858} INFO - Created Permission View: can edit on DAG:AddGCPConnection
[2024-08-11T03:26:56.165+0000] {logging_mixin.py:188} INFO - [2024-08-11T03:26:56.164+0000] {override.py:1858} INFO - Created Permission View: can delete on DAG:AddGCPConnection
[2024-08-11T03:26:56.165+0000] {logging_mixin.py:188} INFO - [2024-08-11T03:26:56.165+0000] {dag.py:3089} INFO - Sync 1 DAGs
[2024-08-11T03:26:56.849+0000] {logging_mixin.py:188} INFO - [2024-08-11T03:26:56.849+0000] {dag.py:3111} INFO - Creating ORM DAG for AddGCPConnection
[2024-08-11T03:26:56.863+0000] {logging_mixin.py:188} INFO - [2024-08-11T03:26:56.863+0000] {dag.py:3947} INFO - Setting next_dagrun for AddGCPConnection to 2020-05-09 00:00:00+00:00, run_after=2020-05-09 00:00:00+00:00
[2024-08-11T03:26:56.891+0000] {processor.py:183} INFO - Processing /opt/airflow/dags/connection.py took 1.521 seconds
[2024-08-11T03:27:27.057+0000] {processor.py:161} INFO - Started process (PID=40) to work on /opt/airflow/dags/connection.py
[2024-08-11T03:27:27.058+0000] {processor.py:830} INFO - Processing file /opt/airflow/dags/connection.py for tasks to queue
[2024-08-11T03:27:27.061+0000] {logging_mixin.py:188} INFO - [2024-08-11T03:27:27.061+0000] {dagbag.py:545} INFO - Filling up the DagBag from /opt/airflow/dags/connection.py
[2024-08-11T03:27:27.091+0000] {processor.py:840} INFO - DAG(s) 'AddGCPConnection' retrieved from /opt/airflow/dags/connection.py
[2024-08-11T03:27:27.184+0000] {logging_mixin.py:188} INFO - [2024-08-11T03:27:27.184+0000] {dag.py:3089} INFO - Sync 1 DAGs
[2024-08-11T03:27:27.204+0000] {logging_mixin.py:188} INFO - [2024-08-11T03:27:27.204+0000] {dag.py:3947} INFO - Setting next_dagrun for AddGCPConnection to 2020-05-09 00:00:00+00:00, run_after=2020-05-09 00:00:00+00:00
[2024-08-11T03:27:27.235+0000] {processor.py:183} INFO - Processing /opt/airflow/dags/connection.py took 0.184 seconds
[2024-08-11T03:27:57.379+0000] {processor.py:161} INFO - Started process (PID=47) to work on /opt/airflow/dags/connection.py
[2024-08-11T03:27:57.380+0000] {processor.py:830} INFO - Processing file /opt/airflow/dags/connection.py for tasks to queue
[2024-08-11T03:27:57.381+0000] {logging_mixin.py:188} INFO - [2024-08-11T03:27:57.381+0000] {dagbag.py:545} INFO - Filling up the DagBag from /opt/airflow/dags/connection.py
[2024-08-11T03:27:57.394+0000] {processor.py:840} INFO - DAG(s) 'AddGCPConnection' retrieved from /opt/airflow/dags/connection.py
[2024-08-11T03:27:57.415+0000] {logging_mixin.py:188} INFO - [2024-08-11T03:27:57.415+0000] {dag.py:3089} INFO - Sync 1 DAGs
[2024-08-11T03:27:57.432+0000] {logging_mixin.py:188} INFO - [2024-08-11T03:27:57.431+0000] {dag.py:3947} INFO - Setting next_dagrun for AddGCPConnection to None, run_after=None
[2024-08-11T03:27:57.449+0000] {processor.py:183} INFO - Processing /opt/airflow/dags/connection.py took 0.077 seconds
[2024-08-11T03:28:27.573+0000] {processor.py:161} INFO - Started process (PID=55) to work on /opt/airflow/dags/connection.py
[2024-08-11T03:28:27.577+0000] {processor.py:830} INFO - Processing file /opt/airflow/dags/connection.py for tasks to queue
[2024-08-11T03:28:27.587+0000] {logging_mixin.py:188} INFO - [2024-08-11T03:28:27.584+0000] {dagbag.py:545} INFO - Filling up the DagBag from /opt/airflow/dags/connection.py
[2024-08-11T03:28:27.609+0000] {processor.py:840} INFO - DAG(s) 'AddGCPConnection' retrieved from /opt/airflow/dags/connection.py
[2024-08-11T03:28:27.635+0000] {logging_mixin.py:188} INFO - [2024-08-11T03:28:27.634+0000] {dag.py:3089} INFO - Sync 1 DAGs
[2024-08-11T03:28:27.657+0000] {logging_mixin.py:188} INFO - [2024-08-11T03:28:27.657+0000] {dag.py:3947} INFO - Setting next_dagrun for AddGCPConnection to None, run_after=None
[2024-08-11T03:28:27.681+0000] {processor.py:183} INFO - Processing /opt/airflow/dags/connection.py took 0.118 seconds
[2024-08-11T03:28:57.824+0000] {processor.py:161} INFO - Started process (PID=63) to work on /opt/airflow/dags/connection.py
[2024-08-11T03:28:57.825+0000] {processor.py:830} INFO - Processing file /opt/airflow/dags/connection.py for tasks to queue
[2024-08-11T03:28:57.827+0000] {logging_mixin.py:188} INFO - [2024-08-11T03:28:57.827+0000] {dagbag.py:545} INFO - Filling up the DagBag from /opt/airflow/dags/connection.py
[2024-08-11T03:28:57.839+0000] {processor.py:840} INFO - DAG(s) 'AddGCPConnection' retrieved from /opt/airflow/dags/connection.py
[2024-08-11T03:28:57.865+0000] {logging_mixin.py:188} INFO - [2024-08-11T03:28:57.865+0000] {dag.py:3089} INFO - Sync 1 DAGs
[2024-08-11T03:28:57.893+0000] {logging_mixin.py:188} INFO - [2024-08-11T03:28:57.893+0000] {dag.py:3947} INFO - Setting next_dagrun for AddGCPConnection to None, run_after=None
[2024-08-11T03:28:58.153+0000] {processor.py:183} INFO - Processing /opt/airflow/dags/connection.py took 0.335 seconds
[2024-08-11T03:29:28.287+0000] {processor.py:161} INFO - Started process (PID=70) to work on /opt/airflow/dags/connection.py
[2024-08-11T03:29:28.288+0000] {processor.py:830} INFO - Processing file /opt/airflow/dags/connection.py for tasks to queue
[2024-08-11T03:29:28.290+0000] {logging_mixin.py:188} INFO - [2024-08-11T03:29:28.289+0000] {dagbag.py:545} INFO - Filling up the DagBag from /opt/airflow/dags/connection.py
[2024-08-11T03:29:28.302+0000] {processor.py:840} INFO - DAG(s) 'AddGCPConnection' retrieved from /opt/airflow/dags/connection.py
[2024-08-11T03:29:28.329+0000] {logging_mixin.py:188} INFO - [2024-08-11T03:29:28.329+0000] {dag.py:3089} INFO - Sync 1 DAGs
[2024-08-11T03:29:28.354+0000] {logging_mixin.py:188} INFO - [2024-08-11T03:29:28.354+0000] {dag.py:3947} INFO - Setting next_dagrun for AddGCPConnection to None, run_after=None
[2024-08-11T03:29:28.380+0000] {processor.py:183} INFO - Processing /opt/airflow/dags/connection.py took 0.099 seconds
[2024-08-11T03:29:58.501+0000] {processor.py:161} INFO - Started process (PID=78) to work on /opt/airflow/dags/connection.py
[2024-08-11T03:29:58.501+0000] {processor.py:830} INFO - Processing file /opt/airflow/dags/connection.py for tasks to queue
[2024-08-11T03:29:58.503+0000] {logging_mixin.py:188} INFO - [2024-08-11T03:29:58.503+0000] {dagbag.py:545} INFO - Filling up the DagBag from /opt/airflow/dags/connection.py
[2024-08-11T03:29:58.512+0000] {processor.py:840} INFO - DAG(s) 'AddGCPConnection' retrieved from /opt/airflow/dags/connection.py
[2024-08-11T03:29:58.530+0000] {logging_mixin.py:188} INFO - [2024-08-11T03:29:58.530+0000] {dag.py:3089} INFO - Sync 1 DAGs
[2024-08-11T03:29:58.546+0000] {logging_mixin.py:188} INFO - [2024-08-11T03:29:58.546+0000] {dag.py:3947} INFO - Setting next_dagrun for AddGCPConnection to None, run_after=None
[2024-08-11T03:29:58.565+0000] {processor.py:183} INFO - Processing /opt/airflow/dags/connection.py took 0.069 seconds
[2024-08-11T03:30:28.690+0000] {processor.py:161} INFO - Started process (PID=86) to work on /opt/airflow/dags/connection.py
[2024-08-11T03:30:28.691+0000] {processor.py:830} INFO - Processing file /opt/airflow/dags/connection.py for tasks to queue
[2024-08-11T03:30:28.696+0000] {logging_mixin.py:188} INFO - [2024-08-11T03:30:28.696+0000] {dagbag.py:545} INFO - Filling up the DagBag from /opt/airflow/dags/connection.py
[2024-08-11T03:30:28.710+0000] {processor.py:840} INFO - DAG(s) 'AddGCPConnection' retrieved from /opt/airflow/dags/connection.py
[2024-08-11T03:30:28.757+0000] {logging_mixin.py:188} INFO - [2024-08-11T03:30:28.757+0000] {dag.py:3089} INFO - Sync 1 DAGs
[2024-08-11T03:30:28.774+0000] {logging_mixin.py:188} INFO - [2024-08-11T03:30:28.774+0000] {dag.py:3947} INFO - Setting next_dagrun for AddGCPConnection to None, run_after=None
[2024-08-11T03:30:28.794+0000] {processor.py:183} INFO - Processing /opt/airflow/dags/connection.py took 0.112 seconds
[2024-08-11T03:30:58.916+0000] {processor.py:161} INFO - Started process (PID=94) to work on /opt/airflow/dags/connection.py
[2024-08-11T03:30:58.917+0000] {processor.py:830} INFO - Processing file /opt/airflow/dags/connection.py for tasks to queue
[2024-08-11T03:30:58.919+0000] {logging_mixin.py:188} INFO - [2024-08-11T03:30:58.919+0000] {dagbag.py:545} INFO - Filling up the DagBag from /opt/airflow/dags/connection.py
[2024-08-11T03:30:58.928+0000] {processor.py:840} INFO - DAG(s) 'AddGCPConnection' retrieved from /opt/airflow/dags/connection.py
[2024-08-11T03:30:58.947+0000] {logging_mixin.py:188} INFO - [2024-08-11T03:30:58.947+0000] {dag.py:3089} INFO - Sync 1 DAGs
[2024-08-11T03:30:58.964+0000] {logging_mixin.py:188} INFO - [2024-08-11T03:30:58.963+0000] {dag.py:3947} INFO - Setting next_dagrun for AddGCPConnection to None, run_after=None
[2024-08-11T03:30:59.190+0000] {processor.py:183} INFO - Processing /opt/airflow/dags/connection.py took 0.280 seconds
[2024-08-11T03:31:29.332+0000] {processor.py:161} INFO - Started process (PID=102) to work on /opt/airflow/dags/connection.py
[2024-08-11T03:31:29.332+0000] {processor.py:830} INFO - Processing file /opt/airflow/dags/connection.py for tasks to queue
[2024-08-11T03:31:29.334+0000] {logging_mixin.py:188} INFO - [2024-08-11T03:31:29.334+0000] {dagbag.py:545} INFO - Filling up the DagBag from /opt/airflow/dags/connection.py
[2024-08-11T03:31:29.346+0000] {processor.py:840} INFO - DAG(s) 'AddGCPConnection' retrieved from /opt/airflow/dags/connection.py
[2024-08-11T03:31:29.379+0000] {logging_mixin.py:188} INFO - [2024-08-11T03:31:29.378+0000] {dag.py:3089} INFO - Sync 1 DAGs
[2024-08-11T03:31:29.401+0000] {logging_mixin.py:188} INFO - [2024-08-11T03:31:29.401+0000] {dag.py:3947} INFO - Setting next_dagrun for AddGCPConnection to None, run_after=None
[2024-08-11T03:31:29.425+0000] {processor.py:183} INFO - Processing /opt/airflow/dags/connection.py took 0.102 seconds
[2024-08-11T03:31:59.565+0000] {processor.py:161} INFO - Started process (PID=111) to work on /opt/airflow/dags/connection.py
[2024-08-11T03:31:59.566+0000] {processor.py:830} INFO - Processing file /opt/airflow/dags/connection.py for tasks to queue
[2024-08-11T03:31:59.567+0000] {logging_mixin.py:188} INFO - [2024-08-11T03:31:59.567+0000] {dagbag.py:545} INFO - Filling up the DagBag from /opt/airflow/dags/connection.py
[2024-08-11T03:31:59.577+0000] {processor.py:840} INFO - DAG(s) 'AddGCPConnection' retrieved from /opt/airflow/dags/connection.py
[2024-08-11T03:31:59.601+0000] {logging_mixin.py:188} INFO - [2024-08-11T03:31:59.600+0000] {dag.py:3089} INFO - Sync 1 DAGs
[2024-08-11T03:31:59.619+0000] {logging_mixin.py:188} INFO - [2024-08-11T03:31:59.618+0000] {dag.py:3947} INFO - Setting next_dagrun for AddGCPConnection to None, run_after=None
[2024-08-11T03:31:59.637+0000] {processor.py:183} INFO - Processing /opt/airflow/dags/connection.py took 0.077 seconds
[2024-08-11T03:35:33.097+0000] {processor.py:161} INFO - Started process (PID=32) to work on /opt/airflow/dags/connection.py
[2024-08-11T03:35:33.103+0000] {processor.py:830} INFO - Processing file /opt/airflow/dags/connection.py for tasks to queue
[2024-08-11T03:35:33.104+0000] {logging_mixin.py:188} INFO - [2024-08-11T03:35:33.104+0000] {dagbag.py:545} INFO - Filling up the DagBag from /opt/airflow/dags/connection.py
[2024-08-11T03:35:33.157+0000] {processor.py:840} INFO - DAG(s) 'AddGCPConnection' retrieved from /opt/airflow/dags/connection.py
[2024-08-11T03:35:33.723+0000] {logging_mixin.py:188} INFO - [2024-08-11T03:35:33.723+0000] {dag.py:3089} INFO - Sync 1 DAGs
[2024-08-11T03:35:34.665+0000] {logging_mixin.py:188} INFO - [2024-08-11T03:35:34.665+0000] {dag.py:3947} INFO - Setting next_dagrun for AddGCPConnection to None, run_after=None
[2024-08-11T03:35:34.755+0000] {processor.py:183} INFO - Processing /opt/airflow/dags/connection.py took 1.682 seconds
[2024-08-11T03:36:05.015+0000] {processor.py:161} INFO - Started process (PID=40) to work on /opt/airflow/dags/connection.py
[2024-08-11T03:36:05.020+0000] {processor.py:830} INFO - Processing file /opt/airflow/dags/connection.py for tasks to queue
[2024-08-11T03:36:05.027+0000] {logging_mixin.py:188} INFO - [2024-08-11T03:36:05.027+0000] {dagbag.py:545} INFO - Filling up the DagBag from /opt/airflow/dags/connection.py
[2024-08-11T03:36:05.046+0000] {processor.py:840} INFO - DAG(s) 'AddGCPConnection' retrieved from /opt/airflow/dags/connection.py
[2024-08-11T03:36:05.091+0000] {logging_mixin.py:188} INFO - [2024-08-11T03:36:05.091+0000] {dag.py:3089} INFO - Sync 1 DAGs
[2024-08-11T03:36:05.143+0000] {logging_mixin.py:188} INFO - [2024-08-11T03:36:05.142+0000] {dag.py:3947} INFO - Setting next_dagrun for AddGCPConnection to None, run_after=None
[2024-08-11T03:36:05.165+0000] {processor.py:183} INFO - Processing /opt/airflow/dags/connection.py took 0.163 seconds
[2024-08-11T03:36:35.310+0000] {processor.py:161} INFO - Started process (PID=48) to work on /opt/airflow/dags/connection.py
[2024-08-11T03:36:35.311+0000] {processor.py:830} INFO - Processing file /opt/airflow/dags/connection.py for tasks to queue
[2024-08-11T03:36:35.313+0000] {logging_mixin.py:188} INFO - [2024-08-11T03:36:35.312+0000] {dagbag.py:545} INFO - Filling up the DagBag from /opt/airflow/dags/connection.py
[2024-08-11T03:36:35.327+0000] {processor.py:840} INFO - DAG(s) 'AddGCPConnection' retrieved from /opt/airflow/dags/connection.py
[2024-08-11T03:36:35.356+0000] {logging_mixin.py:188} INFO - [2024-08-11T03:36:35.356+0000] {dag.py:3089} INFO - Sync 1 DAGs
[2024-08-11T03:36:35.382+0000] {logging_mixin.py:188} INFO - [2024-08-11T03:36:35.381+0000] {dag.py:3947} INFO - Setting next_dagrun for AddGCPConnection to None, run_after=None
[2024-08-11T03:36:35.409+0000] {processor.py:183} INFO - Processing /opt/airflow/dags/connection.py took 0.108 seconds
[2024-08-11T03:37:05.571+0000] {processor.py:161} INFO - Started process (PID=57) to work on /opt/airflow/dags/connection.py
[2024-08-11T03:37:05.573+0000] {processor.py:830} INFO - Processing file /opt/airflow/dags/connection.py for tasks to queue
[2024-08-11T03:37:05.576+0000] {logging_mixin.py:188} INFO - [2024-08-11T03:37:05.575+0000] {dagbag.py:545} INFO - Filling up the DagBag from /opt/airflow/dags/connection.py
[2024-08-11T03:37:05.588+0000] {processor.py:840} INFO - DAG(s) 'AddGCPConnection' retrieved from /opt/airflow/dags/connection.py
[2024-08-11T03:37:05.614+0000] {logging_mixin.py:188} INFO - [2024-08-11T03:37:05.614+0000] {dag.py:3089} INFO - Sync 1 DAGs
[2024-08-11T03:37:05.637+0000] {logging_mixin.py:188} INFO - [2024-08-11T03:37:05.637+0000] {dag.py:3947} INFO - Setting next_dagrun for AddGCPConnection to None, run_after=None
[2024-08-11T03:37:05.660+0000] {processor.py:183} INFO - Processing /opt/airflow/dags/connection.py took 0.114 seconds
