[2024-08-11T03:21:59.250+0000] {processor.py:161} INFO - Started process (PID=37) to work on /opt/airflow/dags/googleBigQuery.py
[2024-08-11T03:21:59.255+0000] {processor.py:830} INFO - Processing file /opt/airflow/dags/googleBigQuery.py for tasks to queue
[2024-08-11T03:21:59.259+0000] {logging_mixin.py:188} INFO - [2024-08-11T03:21:59.259+0000] {dagbag.py:545} INFO - Filling up the DagBag from /opt/airflow/dags/googleBigQuery.py
[2024-08-11T03:21:59.880+0000] {logging_mixin.py:188} INFO - bigdata-2000
[2024-08-11T03:21:59.880+0000] {logging_mixin.py:188} INFO - leptospirosis_bucket
[2024-08-11T03:21:59.891+0000] {processor.py:840} INFO - DAG(s) 'my_dag' retrieved from /opt/airflow/dags/googleBigQuery.py
[2024-08-11T03:22:00.555+0000] {logging_mixin.py:188} INFO - [2024-08-11T03:22:00.555+0000] {override.py:1858} INFO - Created Permission View: can delete on DAG:my_dag
[2024-08-11T03:22:00.576+0000] {logging_mixin.py:188} INFO - [2024-08-11T03:22:00.575+0000] {override.py:1858} INFO - Created Permission View: can read on DAG:my_dag
[2024-08-11T03:22:00.593+0000] {logging_mixin.py:188} INFO - [2024-08-11T03:22:00.593+0000] {override.py:1858} INFO - Created Permission View: can edit on DAG:my_dag
[2024-08-11T03:22:00.598+0000] {logging_mixin.py:188} INFO - [2024-08-11T03:22:00.598+0000] {dag.py:3089} INFO - Sync 1 DAGs
[2024-08-11T03:22:00.619+0000] {logging_mixin.py:188} INFO - [2024-08-11T03:22:00.619+0000] {dag.py:3111} INFO - Creating ORM DAG for my_dag
[2024-08-11T03:22:00.631+0000] {logging_mixin.py:188} INFO - [2024-08-11T03:22:00.631+0000] {dag.py:3947} INFO - Setting next_dagrun for my_dag to 2024-01-01 00:00:00+00:00, run_after=2024-02-01 00:00:00+00:00
[2024-08-11T03:22:00.661+0000] {processor.py:183} INFO - Processing /opt/airflow/dags/googleBigQuery.py took 1.469 seconds
[2024-08-11T03:22:30.893+0000] {processor.py:161} INFO - Started process (PID=45) to work on /opt/airflow/dags/googleBigQuery.py
[2024-08-11T03:22:30.894+0000] {processor.py:830} INFO - Processing file /opt/airflow/dags/googleBigQuery.py for tasks to queue
[2024-08-11T03:22:30.896+0000] {logging_mixin.py:188} INFO - [2024-08-11T03:22:30.895+0000] {dagbag.py:545} INFO - Filling up the DagBag from /opt/airflow/dags/googleBigQuery.py
[2024-08-11T03:22:30.985+0000] {logging_mixin.py:188} INFO - bigdata-2000
[2024-08-11T03:22:30.986+0000] {logging_mixin.py:188} INFO - leptospirosis_bucket
[2024-08-11T03:22:30.996+0000] {processor.py:840} INFO - DAG(s) 'my_dag' retrieved from /opt/airflow/dags/googleBigQuery.py
[2024-08-11T03:22:31.017+0000] {logging_mixin.py:188} INFO - [2024-08-11T03:22:31.017+0000] {dag.py:3089} INFO - Sync 1 DAGs
[2024-08-11T03:22:31.195+0000] {logging_mixin.py:188} INFO - [2024-08-11T03:22:31.195+0000] {dag.py:3947} INFO - Setting next_dagrun for my_dag to 2024-01-01 00:00:00+00:00, run_after=2024-02-01 00:00:00+00:00
[2024-08-11T03:22:31.213+0000] {processor.py:183} INFO - Processing /opt/airflow/dags/googleBigQuery.py took 0.325 seconds
[2024-08-11T03:23:01.266+0000] {processor.py:161} INFO - Started process (PID=53) to work on /opt/airflow/dags/googleBigQuery.py
[2024-08-11T03:23:01.267+0000] {processor.py:830} INFO - Processing file /opt/airflow/dags/googleBigQuery.py for tasks to queue
[2024-08-11T03:23:01.268+0000] {logging_mixin.py:188} INFO - [2024-08-11T03:23:01.268+0000] {dagbag.py:545} INFO - Filling up the DagBag from /opt/airflow/dags/googleBigQuery.py
[2024-08-11T03:23:01.358+0000] {logging_mixin.py:188} INFO - bigdata-2000
[2024-08-11T03:23:01.358+0000] {logging_mixin.py:188} INFO - leptospirosis_bucket
[2024-08-11T03:23:01.371+0000] {processor.py:840} INFO - DAG(s) 'my_dag' retrieved from /opt/airflow/dags/googleBigQuery.py
[2024-08-11T03:26:55.377+0000] {processor.py:161} INFO - Started process (PID=32) to work on /opt/airflow/dags/googleBigQuery.py
[2024-08-11T03:26:55.383+0000] {processor.py:830} INFO - Processing file /opt/airflow/dags/googleBigQuery.py for tasks to queue
[2024-08-11T03:26:55.415+0000] {logging_mixin.py:188} INFO - [2024-08-11T03:26:55.415+0000] {dagbag.py:545} INFO - Filling up the DagBag from /opt/airflow/dags/googleBigQuery.py
[2024-08-11T03:26:55.654+0000] {logging_mixin.py:188} INFO - bigdata-2000
[2024-08-11T03:26:55.654+0000] {logging_mixin.py:188} INFO - leptospirosis_bucket
[2024-08-11T03:26:55.678+0000] {processor.py:840} INFO - DAG(s) 'my_dag' retrieved from /opt/airflow/dags/googleBigQuery.py
[2024-08-11T03:26:56.599+0000] {logging_mixin.py:188} INFO - [2024-08-11T03:26:56.598+0000] {override.py:1858} INFO - Created Permission View: can read on DAG:my_dag
[2024-08-11T03:26:56.630+0000] {logging_mixin.py:188} INFO - [2024-08-11T03:26:56.630+0000] {override.py:1858} INFO - Created Permission View: can edit on DAG:my_dag
[2024-08-11T03:26:56.642+0000] {logging_mixin.py:188} INFO - [2024-08-11T03:26:56.641+0000] {override.py:1858} INFO - Created Permission View: can delete on DAG:my_dag
[2024-08-11T03:26:56.642+0000] {logging_mixin.py:188} INFO - [2024-08-11T03:26:56.642+0000] {dag.py:3089} INFO - Sync 1 DAGs
[2024-08-11T03:26:56.657+0000] {logging_mixin.py:188} INFO - [2024-08-11T03:26:56.656+0000] {dag.py:3111} INFO - Creating ORM DAG for my_dag
[2024-08-11T03:26:56.698+0000] {logging_mixin.py:188} INFO - [2024-08-11T03:26:56.697+0000] {dag.py:3947} INFO - Setting next_dagrun for my_dag to 2024-01-01 00:00:00+00:00, run_after=2024-02-01 00:00:00+00:00
[2024-08-11T03:26:56.739+0000] {processor.py:183} INFO - Processing /opt/airflow/dags/googleBigQuery.py took 1.387 seconds
[2024-08-11T03:27:26.958+0000] {processor.py:161} INFO - Started process (PID=39) to work on /opt/airflow/dags/googleBigQuery.py
[2024-08-11T03:27:26.959+0000] {processor.py:830} INFO - Processing file /opt/airflow/dags/googleBigQuery.py for tasks to queue
[2024-08-11T03:27:26.960+0000] {logging_mixin.py:188} INFO - [2024-08-11T03:27:26.960+0000] {dagbag.py:545} INFO - Filling up the DagBag from /opt/airflow/dags/googleBigQuery.py
[2024-08-11T03:27:27.305+0000] {logging_mixin.py:188} INFO - bigdata-2000
[2024-08-11T03:27:27.305+0000] {logging_mixin.py:188} INFO - leptospirosis_bucket
[2024-08-11T03:27:27.313+0000] {processor.py:840} INFO - DAG(s) 'my_dag' retrieved from /opt/airflow/dags/googleBigQuery.py
[2024-08-11T03:27:27.339+0000] {logging_mixin.py:188} INFO - [2024-08-11T03:27:27.339+0000] {dag.py:3089} INFO - Sync 1 DAGs
[2024-08-11T03:27:27.549+0000] {logging_mixin.py:188} INFO - [2024-08-11T03:27:27.549+0000] {dag.py:3947} INFO - Setting next_dagrun for my_dag to 2024-01-01 00:00:00+00:00, run_after=2024-02-01 00:00:00+00:00
[2024-08-11T03:27:27.588+0000] {processor.py:183} INFO - Processing /opt/airflow/dags/googleBigQuery.py took 0.636 seconds
[2024-08-11T03:27:58.386+0000] {processor.py:161} INFO - Started process (PID=48) to work on /opt/airflow/dags/googleBigQuery.py
[2024-08-11T03:27:58.387+0000] {processor.py:830} INFO - Processing file /opt/airflow/dags/googleBigQuery.py for tasks to queue
[2024-08-11T03:27:58.389+0000] {logging_mixin.py:188} INFO - [2024-08-11T03:27:58.388+0000] {dagbag.py:545} INFO - Filling up the DagBag from /opt/airflow/dags/googleBigQuery.py
[2024-08-11T03:27:58.468+0000] {logging_mixin.py:188} INFO - bigdata-2000
[2024-08-11T03:27:58.468+0000] {logging_mixin.py:188} INFO - leptospirosis_bucket
[2024-08-11T03:27:58.487+0000] {processor.py:840} INFO - DAG(s) 'my_dag' retrieved from /opt/airflow/dags/googleBigQuery.py
[2024-08-11T03:27:58.853+0000] {logging_mixin.py:188} INFO - [2024-08-11T03:27:58.853+0000] {dag.py:3089} INFO - Sync 1 DAGs
[2024-08-11T03:27:58.896+0000] {processor.py:183} INFO - Processing /opt/airflow/dags/googleBigQuery.py took 0.514 seconds
[2024-08-11T03:28:29.583+0000] {processor.py:161} INFO - Started process (PID=56) to work on /opt/airflow/dags/googleBigQuery.py
[2024-08-11T03:28:29.584+0000] {processor.py:830} INFO - Processing file /opt/airflow/dags/googleBigQuery.py for tasks to queue
[2024-08-11T03:28:29.585+0000] {logging_mixin.py:188} INFO - [2024-08-11T03:28:29.585+0000] {dagbag.py:545} INFO - Filling up the DagBag from /opt/airflow/dags/googleBigQuery.py
[2024-08-11T03:28:29.652+0000] {logging_mixin.py:188} INFO - bigdata-2000
[2024-08-11T03:28:29.652+0000] {logging_mixin.py:188} INFO - leptospirosis_bucket
[2024-08-11T03:28:29.819+0000] {processor.py:840} INFO - DAG(s) 'my_dag' retrieved from /opt/airflow/dags/googleBigQuery.py
[2024-08-11T03:28:29.836+0000] {logging_mixin.py:188} INFO - [2024-08-11T03:28:29.836+0000] {dag.py:3089} INFO - Sync 1 DAGs
[2024-08-11T03:28:29.868+0000] {processor.py:183} INFO - Processing /opt/airflow/dags/googleBigQuery.py took 0.290 seconds
[2024-08-11T03:29:00.019+0000] {processor.py:161} INFO - Started process (PID=64) to work on /opt/airflow/dags/googleBigQuery.py
[2024-08-11T03:29:00.024+0000] {processor.py:830} INFO - Processing file /opt/airflow/dags/googleBigQuery.py for tasks to queue
[2024-08-11T03:29:00.027+0000] {logging_mixin.py:188} INFO - [2024-08-11T03:29:00.026+0000] {dagbag.py:545} INFO - Filling up the DagBag from /opt/airflow/dags/googleBigQuery.py
[2024-08-11T03:29:00.261+0000] {logging_mixin.py:188} INFO - bigdata-2000
[2024-08-11T03:29:00.275+0000] {logging_mixin.py:188} INFO - leptospirosis_bucket
[2024-08-11T03:29:00.293+0000] {processor.py:840} INFO - DAG(s) 'my_dag' retrieved from /opt/airflow/dags/googleBigQuery.py
[2024-08-11T03:29:00.355+0000] {logging_mixin.py:188} INFO - [2024-08-11T03:29:00.355+0000] {dag.py:3089} INFO - Sync 1 DAGs
[2024-08-11T03:29:00.891+0000] {processor.py:183} INFO - Processing /opt/airflow/dags/googleBigQuery.py took 0.886 seconds
[2024-08-11T03:29:31.329+0000] {processor.py:161} INFO - Started process (PID=77) to work on /opt/airflow/dags/googleBigQuery.py
[2024-08-11T03:29:31.332+0000] {processor.py:830} INFO - Processing file /opt/airflow/dags/googleBigQuery.py for tasks to queue
[2024-08-11T03:29:31.334+0000] {logging_mixin.py:188} INFO - [2024-08-11T03:29:31.334+0000] {dagbag.py:545} INFO - Filling up the DagBag from /opt/airflow/dags/googleBigQuery.py
[2024-08-11T03:29:31.503+0000] {logging_mixin.py:188} INFO - bigdata-2000
[2024-08-11T03:29:31.506+0000] {logging_mixin.py:188} INFO - leptospirosis_bucket
[2024-08-11T03:29:31.522+0000] {processor.py:840} INFO - DAG(s) 'my_dag' retrieved from /opt/airflow/dags/googleBigQuery.py
[2024-08-11T03:29:31.611+0000] {logging_mixin.py:188} INFO - [2024-08-11T03:29:31.610+0000] {dag.py:3089} INFO - Sync 1 DAGs
[2024-08-11T03:29:31.886+0000] {processor.py:183} INFO - Processing /opt/airflow/dags/googleBigQuery.py took 0.576 seconds
[2024-08-11T03:30:02.526+0000] {processor.py:161} INFO - Started process (PID=85) to work on /opt/airflow/dags/googleBigQuery.py
[2024-08-11T03:30:02.527+0000] {processor.py:830} INFO - Processing file /opt/airflow/dags/googleBigQuery.py for tasks to queue
[2024-08-11T03:30:02.529+0000] {logging_mixin.py:188} INFO - [2024-08-11T03:30:02.528+0000] {dagbag.py:545} INFO - Filling up the DagBag from /opt/airflow/dags/googleBigQuery.py
[2024-08-11T03:30:02.592+0000] {logging_mixin.py:188} INFO - bigdata-2000
[2024-08-11T03:30:02.592+0000] {logging_mixin.py:188} INFO - leptospirosis_bucket
[2024-08-11T03:30:02.600+0000] {processor.py:840} INFO - DAG(s) 'my_dag' retrieved from /opt/airflow/dags/googleBigQuery.py
[2024-08-11T03:30:02.793+0000] {logging_mixin.py:188} INFO - [2024-08-11T03:30:02.793+0000] {dag.py:3089} INFO - Sync 1 DAGs
[2024-08-11T03:30:02.840+0000] {processor.py:183} INFO - Processing /opt/airflow/dags/googleBigQuery.py took 0.318 seconds
[2024-08-11T03:30:33.706+0000] {processor.py:161} INFO - Started process (PID=93) to work on /opt/airflow/dags/googleBigQuery.py
[2024-08-11T03:30:33.707+0000] {processor.py:830} INFO - Processing file /opt/airflow/dags/googleBigQuery.py for tasks to queue
[2024-08-11T03:30:33.708+0000] {logging_mixin.py:188} INFO - [2024-08-11T03:30:33.708+0000] {dagbag.py:545} INFO - Filling up the DagBag from /opt/airflow/dags/googleBigQuery.py
[2024-08-11T03:30:33.777+0000] {logging_mixin.py:188} INFO - bigdata-2000
[2024-08-11T03:30:33.778+0000] {logging_mixin.py:188} INFO - leptospirosis_bucket
[2024-08-11T03:30:33.983+0000] {processor.py:840} INFO - DAG(s) 'my_dag' retrieved from /opt/airflow/dags/googleBigQuery.py
[2024-08-11T03:30:34.006+0000] {logging_mixin.py:188} INFO - [2024-08-11T03:30:34.006+0000] {dag.py:3089} INFO - Sync 1 DAGs
[2024-08-11T03:30:34.052+0000] {processor.py:183} INFO - Processing /opt/airflow/dags/googleBigQuery.py took 0.350 seconds
[2024-08-11T03:31:04.208+0000] {processor.py:161} INFO - Started process (PID=101) to work on /opt/airflow/dags/googleBigQuery.py
[2024-08-11T03:31:04.209+0000] {processor.py:830} INFO - Processing file /opt/airflow/dags/googleBigQuery.py for tasks to queue
[2024-08-11T03:31:04.212+0000] {logging_mixin.py:188} INFO - [2024-08-11T03:31:04.212+0000] {dagbag.py:545} INFO - Filling up the DagBag from /opt/airflow/dags/googleBigQuery.py
[2024-08-11T03:31:04.292+0000] {logging_mixin.py:188} INFO - bigdata-2000
[2024-08-11T03:31:04.292+0000] {logging_mixin.py:188} INFO - leptospirosis_bucket
[2024-08-11T03:31:04.299+0000] {processor.py:840} INFO - DAG(s) 'my_dag' retrieved from /opt/airflow/dags/googleBigQuery.py
[2024-08-11T03:31:04.319+0000] {logging_mixin.py:188} INFO - [2024-08-11T03:31:04.319+0000] {dag.py:3089} INFO - Sync 1 DAGs
[2024-08-11T03:31:04.510+0000] {processor.py:183} INFO - Processing /opt/airflow/dags/googleBigQuery.py took 0.308 seconds
[2024-08-11T03:31:35.353+0000] {processor.py:161} INFO - Started process (PID=110) to work on /opt/airflow/dags/googleBigQuery.py
[2024-08-11T03:31:35.353+0000] {processor.py:830} INFO - Processing file /opt/airflow/dags/googleBigQuery.py for tasks to queue
[2024-08-11T03:31:35.355+0000] {logging_mixin.py:188} INFO - [2024-08-11T03:31:35.354+0000] {dagbag.py:545} INFO - Filling up the DagBag from /opt/airflow/dags/googleBigQuery.py
[2024-08-11T03:31:35.417+0000] {logging_mixin.py:188} INFO - bigdata-2000
[2024-08-11T03:31:35.417+0000] {logging_mixin.py:188} INFO - leptospirosis_bucket
[2024-08-11T03:31:35.424+0000] {processor.py:840} INFO - DAG(s) 'my_dag' retrieved from /opt/airflow/dags/googleBigQuery.py
[2024-08-11T03:31:35.444+0000] {logging_mixin.py:188} INFO - [2024-08-11T03:31:35.444+0000] {dag.py:3089} INFO - Sync 1 DAGs
[2024-08-11T03:31:35.688+0000] {processor.py:183} INFO - Processing /opt/airflow/dags/googleBigQuery.py took 0.340 seconds
[2024-08-11T03:32:06.595+0000] {processor.py:161} INFO - Started process (PID=118) to work on /opt/airflow/dags/googleBigQuery.py
[2024-08-11T03:32:06.596+0000] {processor.py:830} INFO - Processing file /opt/airflow/dags/googleBigQuery.py for tasks to queue
[2024-08-11T03:32:06.597+0000] {logging_mixin.py:188} INFO - [2024-08-11T03:32:06.597+0000] {dagbag.py:545} INFO - Filling up the DagBag from /opt/airflow/dags/googleBigQuery.py
[2024-08-11T03:32:06.672+0000] {logging_mixin.py:188} INFO - bigdata-2000
[2024-08-11T03:32:06.672+0000] {logging_mixin.py:188} INFO - leptospirosis_bucket
[2024-08-11T03:32:06.682+0000] {processor.py:840} INFO - DAG(s) 'my_dag' retrieved from /opt/airflow/dags/googleBigQuery.py
[2024-08-11T03:32:06.853+0000] {logging_mixin.py:188} INFO - [2024-08-11T03:32:06.853+0000] {dag.py:3089} INFO - Sync 1 DAGs
[2024-08-11T03:32:06.885+0000] {processor.py:183} INFO - Processing /opt/airflow/dags/googleBigQuery.py took 0.294 seconds
[2024-08-11T03:35:33.080+0000] {processor.py:161} INFO - Started process (PID=31) to work on /opt/airflow/dags/googleBigQuery.py
[2024-08-11T03:35:33.083+0000] {processor.py:830} INFO - Processing file /opt/airflow/dags/googleBigQuery.py for tasks to queue
[2024-08-11T03:35:33.089+0000] {logging_mixin.py:188} INFO - [2024-08-11T03:35:33.087+0000] {dagbag.py:545} INFO - Filling up the DagBag from /opt/airflow/dags/googleBigQuery.py
[2024-08-11T03:35:33.359+0000] {logging_mixin.py:188} INFO - bigdata-2000
[2024-08-11T03:35:33.359+0000] {logging_mixin.py:188} INFO - leptospirosis_bucket
[2024-08-11T03:35:33.376+0000] {processor.py:840} INFO - DAG(s) 'my_dag' retrieved from /opt/airflow/dags/googleBigQuery.py
[2024-08-11T03:35:34.477+0000] {logging_mixin.py:188} INFO - [2024-08-11T03:35:34.477+0000] {dag.py:3089} INFO - Sync 1 DAGs
[2024-08-11T03:35:34.718+0000] {processor.py:183} INFO - Processing /opt/airflow/dags/googleBigQuery.py took 1.652 seconds
[2024-08-11T03:36:05.010+0000] {processor.py:161} INFO - Started process (PID=39) to work on /opt/airflow/dags/googleBigQuery.py
[2024-08-11T03:36:05.011+0000] {processor.py:830} INFO - Processing file /opt/airflow/dags/googleBigQuery.py for tasks to queue
[2024-08-11T03:36:05.016+0000] {logging_mixin.py:188} INFO - [2024-08-11T03:36:05.016+0000] {dagbag.py:545} INFO - Filling up the DagBag from /opt/airflow/dags/googleBigQuery.py
[2024-08-11T03:36:05.176+0000] {logging_mixin.py:188} INFO - bigdata-2000
[2024-08-11T03:36:05.176+0000] {logging_mixin.py:188} INFO - leptospirosis_bucket
[2024-08-11T03:36:05.185+0000] {processor.py:840} INFO - DAG(s) 'my_dag' retrieved from /opt/airflow/dags/googleBigQuery.py
[2024-08-11T03:36:05.204+0000] {logging_mixin.py:188} INFO - [2024-08-11T03:36:05.204+0000] {dag.py:3089} INFO - Sync 1 DAGs
[2024-08-11T03:36:05.430+0000] {processor.py:183} INFO - Processing /opt/airflow/dags/googleBigQuery.py took 0.434 seconds
[2024-08-11T03:36:36.314+0000] {processor.py:161} INFO - Started process (PID=49) to work on /opt/airflow/dags/googleBigQuery.py
[2024-08-11T03:36:36.314+0000] {processor.py:830} INFO - Processing file /opt/airflow/dags/googleBigQuery.py for tasks to queue
[2024-08-11T03:36:36.316+0000] {logging_mixin.py:188} INFO - [2024-08-11T03:36:36.316+0000] {dagbag.py:545} INFO - Filling up the DagBag from /opt/airflow/dags/googleBigQuery.py
[2024-08-11T03:36:36.489+0000] {logging_mixin.py:188} INFO - bigdata-2000
[2024-08-11T03:36:36.490+0000] {logging_mixin.py:188} INFO - leptospirosis_bucket
[2024-08-11T03:36:36.498+0000] {processor.py:840} INFO - DAG(s) 'my_dag' retrieved from /opt/airflow/dags/googleBigQuery.py
[2024-08-11T03:36:36.668+0000] {logging_mixin.py:188} INFO - [2024-08-11T03:36:36.667+0000] {dag.py:3089} INFO - Sync 1 DAGs
[2024-08-11T03:36:36.703+0000] {processor.py:183} INFO - Processing /opt/airflow/dags/googleBigQuery.py took 0.394 seconds
[2024-08-11T03:37:07.570+0000] {processor.py:161} INFO - Started process (PID=58) to work on /opt/airflow/dags/googleBigQuery.py
[2024-08-11T03:37:07.571+0000] {processor.py:830} INFO - Processing file /opt/airflow/dags/googleBigQuery.py for tasks to queue
[2024-08-11T03:37:07.572+0000] {logging_mixin.py:188} INFO - [2024-08-11T03:37:07.572+0000] {dagbag.py:545} INFO - Filling up the DagBag from /opt/airflow/dags/googleBigQuery.py
[2024-08-11T03:37:07.634+0000] {logging_mixin.py:188} INFO - bigdata-2000
[2024-08-11T03:37:07.634+0000] {logging_mixin.py:188} INFO - leptospirosis_bucket
[2024-08-11T03:37:07.802+0000] {processor.py:840} INFO - DAG(s) 'my_dag' retrieved from /opt/airflow/dags/googleBigQuery.py
[2024-08-11T03:37:07.819+0000] {logging_mixin.py:188} INFO - [2024-08-11T03:37:07.819+0000] {dag.py:3089} INFO - Sync 1 DAGs
[2024-08-11T03:37:07.852+0000] {processor.py:183} INFO - Processing /opt/airflow/dags/googleBigQuery.py took 0.287 seconds
